xnai_memory_bank_mcp
xnai_memory_bank_mcp
Error: no container with name or ID "xnai_memory_bank_mcp" found: no such container
Traceback (most recent call last):
  File "/usr/bin/podman-compose", line 33, in <module>
    sys.exit(load_entry_point('podman-compose==1.3.0', 'console_scripts', 'podman-compose')())
             ~~~~~~~~~~~~~~~~~~~~~~~~~~~~~~~~~~~~~~~~~~~~~~~~~~~~~~~~~~~~~~~~~~~~~~~~~~~~~~^^
  File "/usr/lib/python3/dist-packages/podman_compose.py", line 3711, in main
    asyncio.run(async_main())
    ~~~~~~~~~~~^^^^^^^^^^^^^^
  File "/usr/lib/python3.13/asyncio/runners.py", line 195, in run
    return runner.run(main)
           ~~~~~~~~~~^^^^^^
  File "/usr/lib/python3.13/asyncio/runners.py", line 118, in run
    return self._loop.run_until_complete(task)
           ~~~~~~~~~~~~~~~~~~~~~~~~~~~~~^^^^^^
  File "/usr/lib/python3.13/asyncio/base_events.py", line 725, in run_until_complete
    return future.result()
           ~~~~~~~~~~~~~^^
  File "/usr/lib/python3/dist-packages/podman_compose.py", line 3707, in async_main
    await podman_compose.run()
  File "/usr/lib/python3/dist-packages/podman_compose.py", line 1861, in run
    retcode = await cmd(self, args)
              ^^^^^^^^^^^^^^^^^^^^^
  File "/usr/lib/python3/dist-packages/podman_compose.py", line 2663, in compose_up
    excluded = get_excluded(compose, args)
  File "/usr/lib/python3/dist-packages/podman_compose.py", line 2603, in get_excluded
    excluded -= set(x.name for x in compose.services[service]["_deps"])
                                    ~~~~~~~~~~~~~~~~^^^^^^^^^
KeyError: 'memory-bank'
Error: no container with name or ID "xnai_memory_bank_mcp" found: no such container
Error: no container with name or ID "xnai_memory_bank_mcp" found: no such container
Traceback (most recent call last):
  File "/usr/bin/podman-compose", line 33, in <module>
    sys.exit(load_entry_point('podman-compose==1.3.0', 'console_scripts', 'podman-compose')())
             ~~~~~~~~~~~~~~~~~~~~~~~~~~~~~~~~~~~~~~~~~~~~~~~~~~~~~~~~~~~~~~~~~~~~~~~~~~~~~~^^
  File "/usr/lib/python3/dist-packages/podman_compose.py", line 3711, in main
    asyncio.run(async_main())
    ~~~~~~~~~~~^^^^^^^^^^^^^^
  File "/usr/lib/python3.13/asyncio/runners.py", line 195, in run
    return runner.run(main)
           ~~~~~~~~~~^^^^^^
  File "/usr/lib/python3.13/asyncio/runners.py", line 118, in run
    return self._loop.run_until_complete(task)
           ~~~~~~~~~~~~~~~~~~~~~~~~~~~~~^^^^^^
  File "/usr/lib/python3.13/asyncio/base_events.py", line 725, in run_until_complete
    return future.result()
           ~~~~~~~~~~~~~^^
  File "/usr/lib/python3/dist-packages/podman_compose.py", line 3707, in async_main
    await podman_compose.run()
  File "/usr/lib/python3/dist-packages/podman_compose.py", line 1861, in run
    retcode = await cmd(self, args)
              ^^^^^^^^^^^^^^^^^^^^^
  File "/usr/lib/python3/dist-packages/podman_compose.py", line 2663, in compose_up
    excluded = get_excluded(compose, args)
  File "/usr/lib/python3/dist-packages/podman_compose.py", line 2603, in get_excluded
    excluded -= set(x.name for x in compose.services[service]["_deps"])
                                    ~~~~~~~~~~~~~~~~^^^^^^^^^
KeyError: 'memory-bank'
Error: no container with name or ID "xnai_memory_bank_mcp" found: no such container
Error: no container with name or ID "xnai_memory_bank_mcp" found: no such container
Traceback (most recent call last):
  File "/usr/bin/podman-compose", line 33, in <module>
    sys.exit(load_entry_point('podman-compose==1.3.0', 'console_scripts', 'podman-compose')())
             ~~~~~~~~~~~~~~~~~~~~~~~~~~~~~~~~~~~~~~~~~~~~~~~~~~~~~~~~~~~~~~~~~~~~~~~~~~~~~~^^
  File "/usr/lib/python3/dist-packages/podman_compose.py", line 3711, in main
    asyncio.run(async_main())
    ~~~~~~~~~~~^^^^^^^^^^^^^^
  File "/usr/lib/python3.13/asyncio/runners.py", line 195, in run
    return runner.run(main)
           ~~~~~~~~~~^^^^^^
  File "/usr/lib/python3.13/asyncio/runners.py", line 118, in run
    return self._loop.run_until_complete(task)
           ~~~~~~~~~~~~~~~~~~~~~~~~~~~~~^^^^^^
  File "/usr/lib/python3.13/asyncio/base_events.py", line 725, in run_until_complete
    return future.result()
           ~~~~~~~~~~~~~^^
  File "/usr/lib/python3/dist-packages/podman_compose.py", line 3707, in async_main
    await podman_compose.run()
  File "/usr/lib/python3/dist-packages/podman_compose.py", line 1861, in run
    retcode = await cmd(self, args)
              ^^^^^^^^^^^^^^^^^^^^^
  File "/usr/lib/python3/dist-packages/podman_compose.py", line 2663, in compose_up
    excluded = get_excluded(compose, args)
  File "/usr/lib/python3/dist-packages/podman_compose.py", line 2603, in get_excluded
    excluded -= set(x.name for x in compose.services[service]["_deps"])
                                    ~~~~~~~~~~~~~~~~^^^^^^^^^
KeyError: 'memory-bank'
Error: no container with name or ID "xnai_memory_bank_mcp" found: no such container
Error: no container with name or ID "xnai_memory_bank_mcp" found: no such container
Traceback (most recent call last):
  File "/usr/bin/podman-compose", line 33, in <module>
    sys.exit(load_entry_point('podman-compose==1.3.0', 'console_scripts', 'podman-compose')())
             ~~~~~~~~~~~~~~~~~~~~~~~~~~~~~~~~~~~~~~~~~~~~~~~~~~~~~~~~~~~~~~~~~~~~~~~~~~~~~~^^
  File "/usr/lib/python3/dist-packages/podman_compose.py", line 3711, in main
    asyncio.run(async_main())
    ~~~~~~~~~~~^^^^^^^^^^^^^^
  File "/usr/lib/python3.13/asyncio/runners.py", line 195, in run
    return runner.run(main)
           ~~~~~~~~~~^^^^^^
  File "/usr/lib/python3.13/asyncio/runners.py", line 118, in run
    return self._loop.run_until_complete(task)
           ~~~~~~~~~~~~~~~~~~~~~~~~~~~~~^^^^^^
  File "/usr/lib/python3.13/asyncio/base_events.py", line 725, in run_until_complete
    return future.result()
           ~~~~~~~~~~~~~^^
  File "/usr/lib/python3/dist-packages/podman_compose.py", line 3707, in async_main
    await podman_compose.run()
  File "/usr/lib/python3/dist-packages/podman_compose.py", line 1861, in run
    retcode = await cmd(self, args)
              ^^^^^^^^^^^^^^^^^^^^^
  File "/usr/lib/python3/dist-packages/podman_compose.py", line 2663, in compose_up
    excluded = get_excluded(compose, args)
  File "/usr/lib/python3/dist-packages/podman_compose.py", line 2603, in get_excluded
    excluded -= set(x.name for x in compose.services[service]["_deps"])
                                    ~~~~~~~~~~~~~~~~^^^^^^^^^
KeyError: 'memory-bank'
Error: no container with name or ID "xnai_memory_bank_mcp" found: no such container
Error: no container with name or ID "xnai_memory_bank_mcp" found: no such container
Traceback (most recent call last):
  File "/usr/bin/podman-compose", line 33, in <module>
    sys.exit(load_entry_point('podman-compose==1.3.0', 'console_scripts', 'podman-compose')())
             ~~~~~~~~~~~~~~~~~~~~~~~~~~~~~~~~~~~~~~~~~~~~~~~~~~~~~~~~~~~~~~~~~~~~~~~~~~~~~~^^
  File "/usr/lib/python3/dist-packages/podman_compose.py", line 3711, in main
    asyncio.run(async_main())
    ~~~~~~~~~~~^^^^^^^^^^^^^^
  File "/usr/lib/python3.13/asyncio/runners.py", line 195, in run
    return runner.run(main)
           ~~~~~~~~~~^^^^^^
  File "/usr/lib/python3.13/asyncio/runners.py", line 118, in run
    return self._loop.run_until_complete(task)
           ~~~~~~~~~~~~~~~~~~~~~~~~~~~~~^^^^^^
  File "/usr/lib/python3.13/asyncio/base_events.py", line 725, in run_until_complete
    return future.result()
           ~~~~~~~~~~~~~^^
  File "/usr/lib/python3/dist-packages/podman_compose.py", line 3707, in async_main
    await podman_compose.run()
  File "/usr/lib/python3/dist-packages/podman_compose.py", line 1861, in run
    retcode = await cmd(self, args)
              ^^^^^^^^^^^^^^^^^^^^^
  File "/usr/lib/python3/dist-packages/podman_compose.py", line 2663, in compose_up
    excluded = get_excluded(compose, args)
  File "/usr/lib/python3/dist-packages/podman_compose.py", line 2603, in get_excluded
    excluded -= set(x.name for x in compose.services[service]["_deps"])
                                    ~~~~~~~~~~~~~~~~^^^^^^^^^
KeyError: 'memory-bank'
Error: no container with name or ID "xnai_memory_bank_mcp" found: no such container
Error: no container with name or ID "xnai_memory_bank_mcp" found: no such container
Traceback (most recent call last):
  File "/usr/bin/podman-compose", line 33, in <module>
    sys.exit(load_entry_point('podman-compose==1.3.0', 'console_scripts', 'podman-compose')())
             ~~~~~~~~~~~~~~~~~~~~~~~~~~~~~~~~~~~~~~~~~~~~~~~~~~~~~~~~~~~~~~~~~~~~~~~~~~~~~~^^
  File "/usr/lib/python3/dist-packages/podman_compose.py", line 3711, in main
    asyncio.run(async_main())
    ~~~~~~~~~~~^^^^^^^^^^^^^^
  File "/usr/lib/python3.13/asyncio/runners.py", line 195, in run
    return runner.run(main)
           ~~~~~~~~~~^^^^^^
  File "/usr/lib/python3.13/asyncio/runners.py", line 118, in run
    return self._loop.run_until_complete(task)
           ~~~~~~~~~~~~~~~~~~~~~~~~~~~~~^^^^^^
  File "/usr/lib/python3.13/asyncio/base_events.py", line 725, in run_until_complete
    return future.result()
           ~~~~~~~~~~~~~^^
  File "/usr/lib/python3/dist-packages/podman_compose.py", line 3707, in async_main
    await podman_compose.run()
  File "/usr/lib/python3/dist-packages/podman_compose.py", line 1861, in run
    retcode = await cmd(self, args)
              ^^^^^^^^^^^^^^^^^^^^^
  File "/usr/lib/python3/dist-packages/podman_compose.py", line 2663, in compose_up
    excluded = get_excluded(compose, args)
  File "/usr/lib/python3/dist-packages/podman_compose.py", line 2603, in get_excluded
    excluded -= set(x.name for x in compose.services[service]["_deps"])
                                    ~~~~~~~~~~~~~~~~^^^^^^^^^
KeyError: 'memory-bank'
Error: no container with name or ID "xnai_memory_bank_mcp" found: no such container
Error: no container with name or ID "xnai_memory_bank_mcp" found: no such container
Traceback (most recent call last):
  File "/usr/bin/podman-compose", line 33, in <module>
    sys.exit(load_entry_point('podman-compose==1.3.0', 'console_scripts', 'podman-compose')())
             ~~~~~~~~~~~~~~~~~~~~~~~~~~~~~~~~~~~~~~~~~~~~~~~~~~~~~~~~~~~~~~~~~~~~~~~~~~~~~~^^
  File "/usr/lib/python3/dist-packages/podman_compose.py", line 3711, in main
    asyncio.run(async_main())
    ~~~~~~~~~~~^^^^^^^^^^^^^^
  File "/usr/lib/python3.13/asyncio/runners.py", line 195, in run
    return runner.run(main)
           ~~~~~~~~~~^^^^^^
  File "/usr/lib/python3.13/asyncio/runners.py", line 118, in run
    return self._loop.run_until_complete(task)
           ~~~~~~~~~~~~~~~~~~~~~~~~~~~~~^^^^^^
  File "/usr/lib/python3.13/asyncio/base_events.py", line 725, in run_until_complete
    return future.result()
           ~~~~~~~~~~~~~^^
  File "/usr/lib/python3/dist-packages/podman_compose.py", line 3707, in async_main
    await podman_compose.run()
  File "/usr/lib/python3/dist-packages/podman_compose.py", line 1861, in run
    retcode = await cmd(self, args)
              ^^^^^^^^^^^^^^^^^^^^^
  File "/usr/lib/python3/dist-packages/podman_compose.py", line 2663, in compose_up
    excluded = get_excluded(compose, args)
  File "/usr/lib/python3/dist-packages/podman_compose.py", line 2603, in get_excluded
    excluded -= set(x.name for x in compose.services[service]["_deps"])
                                    ~~~~~~~~~~~~~~~~^^^^^^^^^
KeyError: 'memory-bank'
Error: no container with name or ID "xnai_memory_bank_mcp" found: no such container
Error: no container with name or ID "xnai_memory_bank_mcp" found: no such container
Traceback (most recent call last):
  File "/usr/bin/podman-compose", line 33, in <module>
    sys.exit(load_entry_point('podman-compose==1.3.0', 'console_scripts', 'podman-compose')())
             ~~~~~~~~~~~~~~~~~~~~~~~~~~~~~~~~~~~~~~~~~~~~~~~~~~~~~~~~~~~~~~~~~~~~~~~~~~~~~~^^
  File "/usr/lib/python3/dist-packages/podman_compose.py", line 3711, in main
    asyncio.run(async_main())
    ~~~~~~~~~~~^^^^^^^^^^^^^^
  File "/usr/lib/python3.13/asyncio/runners.py", line 195, in run
    return runner.run(main)
           ~~~~~~~~~~^^^^^^
  File "/usr/lib/python3.13/asyncio/runners.py", line 118, in run
    return self._loop.run_until_complete(task)
           ~~~~~~~~~~~~~~~~~~~~~~~~~~~~~^^^^^^
  File "/usr/lib/python3.13/asyncio/base_events.py", line 725, in run_until_complete
    return future.result()
           ~~~~~~~~~~~~~^^
  File "/usr/lib/python3/dist-packages/podman_compose.py", line 3707, in async_main
    await podman_compose.run()
  File "/usr/lib/python3/dist-packages/podman_compose.py", line 1861, in run
    retcode = await cmd(self, args)
              ^^^^^^^^^^^^^^^^^^^^^
  File "/usr/lib/python3/dist-packages/podman_compose.py", line 2663, in compose_up
    excluded = get_excluded(compose, args)
  File "/usr/lib/python3/dist-packages/podman_compose.py", line 2603, in get_excluded
    excluded -= set(x.name for x in compose.services[service]["_deps"])
                                    ~~~~~~~~~~~~~~~~^^^^^^^^^
KeyError: 'memory-bank'
Error: no container with name or ID "xnai_memory_bank_mcp" found: no such container
Error: no container with name or ID "xnai_memory_bank_mcp" found: no such container
Traceback (most recent call last):
  File "/usr/bin/podman-compose", line 33, in <module>
    sys.exit(load_entry_point('podman-compose==1.3.0', 'console_scripts', 'podman-compose')())
             ~~~~~~~~~~~~~~~~~~~~~~~~~~~~~~~~~~~~~~~~~~~~~~~~~~~~~~~~~~~~~~~~~~~~~~~~~~~~~~^^
  File "/usr/lib/python3/dist-packages/podman_compose.py", line 3711, in main
    asyncio.run(async_main())
    ~~~~~~~~~~~^^^^^^^^^^^^^^
  File "/usr/lib/python3.13/asyncio/runners.py", line 195, in run
    return runner.run(main)
           ~~~~~~~~~~^^^^^^
  File "/usr/lib/python3.13/asyncio/runners.py", line 118, in run
    return self._loop.run_until_complete(task)
           ~~~~~~~~~~~~~~~~~~~~~~~~~~~~~^^^^^^
  File "/usr/lib/python3.13/asyncio/base_events.py", line 725, in run_until_complete
    return future.result()
           ~~~~~~~~~~~~~^^
  File "/usr/lib/python3/dist-packages/podman_compose.py", line 3707, in async_main
    await podman_compose.run()
  File "/usr/lib/python3/dist-packages/podman_compose.py", line 1861, in run
    retcode = await cmd(self, args)
              ^^^^^^^^^^^^^^^^^^^^^
  File "/usr/lib/python3/dist-packages/podman_compose.py", line 2663, in compose_up
    excluded = get_excluded(compose, args)
  File "/usr/lib/python3/dist-packages/podman_compose.py", line 2603, in get_excluded
    excluded -= set(x.name for x in compose.services[service]["_deps"])
                                    ~~~~~~~~~~~~~~~~^^^^^^^^^
KeyError: 'memory-bank'
Error: no container with name or ID "xnai_memory_bank_mcp" found: no such container
Error: no container with name or ID "xnai_memory_bank_mcp" found: no such container
Traceback (most recent call last):
  File "/usr/bin/podman-compose", line 33, in <module>
    sys.exit(load_entry_point('podman-compose==1.3.0', 'console_scripts', 'podman-compose')())
             ~~~~~~~~~~~~~~~~~~~~~~~~~~~~~~~~~~~~~~~~~~~~~~~~~~~~~~~~~~~~~~~~~~~~~~~~~~~~~~^^
  File "/usr/lib/python3/dist-packages/podman_compose.py", line 3711, in main
    asyncio.run(async_main())
    ~~~~~~~~~~~^^^^^^^^^^^^^^
  File "/usr/lib/python3.13/asyncio/runners.py", line 195, in run
    return runner.run(main)
           ~~~~~~~~~~^^^^^^
  File "/usr/lib/python3.13/asyncio/runners.py", line 118, in run
    return self._loop.run_until_complete(task)
           ~~~~~~~~~~~~~~~~~~~~~~~~~~~~~^^^^^^
  File "/usr/lib/python3.13/asyncio/base_events.py", line 725, in run_until_complete
    return future.result()
           ~~~~~~~~~~~~~^^
  File "/usr/lib/python3/dist-packages/podman_compose.py", line 3707, in async_main
    await podman_compose.run()
  File "/usr/lib/python3/dist-packages/podman_compose.py", line 1861, in run
    retcode = await cmd(self, args)
              ^^^^^^^^^^^^^^^^^^^^^
  File "/usr/lib/python3/dist-packages/podman_compose.py", line 2663, in compose_up
    excluded = get_excluded(compose, args)
  File "/usr/lib/python3/dist-packages/podman_compose.py", line 2603, in get_excluded
    excluded -= set(x.name for x in compose.services[service]["_deps"])
                                    ~~~~~~~~~~~~~~~~^^^^^^^^^
KeyError: 'memory-bank'
Error: no container with name or ID "xnai_memory_bank_mcp" found: no such container
Error: no container with name or ID "xnai_memory_bank_mcp" found: no such container
Traceback (most recent call last):
  File "/usr/bin/podman-compose", line 33, in <module>
    sys.exit(load_entry_point('podman-compose==1.3.0', 'console_scripts', 'podman-compose')())
             ~~~~~~~~~~~~~~~~~~~~~~~~~~~~~~~~~~~~~~~~~~~~~~~~~~~~~~~~~~~~~~~~~~~~~~~~~~~~~~^^
  File "/usr/lib/python3/dist-packages/podman_compose.py", line 3711, in main
    asyncio.run(async_main())
    ~~~~~~~~~~~^^^^^^^^^^^^^^
  File "/usr/lib/python3.13/asyncio/runners.py", line 195, in run
    return runner.run(main)
           ~~~~~~~~~~^^^^^^
  File "/usr/lib/python3.13/asyncio/runners.py", line 118, in run
    return self._loop.run_until_complete(task)
           ~~~~~~~~~~~~~~~~~~~~~~~~~~~~~^^^^^^
  File "/usr/lib/python3.13/asyncio/base_events.py", line 725, in run_until_complete
    return future.result()
           ~~~~~~~~~~~~~^^
  File "/usr/lib/python3/dist-packages/podman_compose.py", line 3707, in async_main
    await podman_compose.run()
  File "/usr/lib/python3/dist-packages/podman_compose.py", line 1861, in run
    retcode = await cmd(self, args)
              ^^^^^^^^^^^^^^^^^^^^^
  File "/usr/lib/python3/dist-packages/podman_compose.py", line 2663, in compose_up
    excluded = get_excluded(compose, args)
  File "/usr/lib/python3/dist-packages/podman_compose.py", line 2603, in get_excluded
    excluded -= set(x.name for x in compose.services[service]["_deps"])
                                    ~~~~~~~~~~~~~~~~^^^^^^^^^
KeyError: 'memory-bank'
Error: no container with name or ID "xnai_memory_bank_mcp" found: no such container
Error: no container with name or ID "xnai_memory_bank_mcp" found: no such container
Traceback (most recent call last):
  File "/usr/bin/podman-compose", line 33, in <module>
    sys.exit(load_entry_point('podman-compose==1.3.0', 'console_scripts', 'podman-compose')())
             ~~~~~~~~~~~~~~~~~~~~~~~~~~~~~~~~~~~~~~~~~~~~~~~~~~~~~~~~~~~~~~~~~~~~~~~~~~~~~~^^
  File "/usr/lib/python3/dist-packages/podman_compose.py", line 3711, in main
    asyncio.run(async_main())
    ~~~~~~~~~~~^^^^^^^^^^^^^^
  File "/usr/lib/python3.13/asyncio/runners.py", line 195, in run
    return runner.run(main)
           ~~~~~~~~~~^^^^^^
  File "/usr/lib/python3.13/asyncio/runners.py", line 118, in run
    return self._loop.run_until_complete(task)
           ~~~~~~~~~~~~~~~~~~~~~~~~~~~~~^^^^^^
  File "/usr/lib/python3.13/asyncio/base_events.py", line 725, in run_until_complete
    return future.result()
           ~~~~~~~~~~~~~^^
  File "/usr/lib/python3/dist-packages/podman_compose.py", line 3707, in async_main
    await podman_compose.run()
  File "/usr/lib/python3/dist-packages/podman_compose.py", line 1861, in run
    retcode = await cmd(self, args)
              ^^^^^^^^^^^^^^^^^^^^^
  File "/usr/lib/python3/dist-packages/podman_compose.py", line 2663, in compose_up
    excluded = get_excluded(compose, args)
  File "/usr/lib/python3/dist-packages/podman_compose.py", line 2603, in get_excluded
    excluded -= set(x.name for x in compose.services[service]["_deps"])
                                    ~~~~~~~~~~~~~~~~^^^^^^^^^
KeyError: 'memory-bank'
Error: no container with name or ID "xnai_memory_bank_mcp" found: no such container
Error: no container with name or ID "xnai_memory_bank_mcp" found: no such container
Traceback (most recent call last):
  File "/usr/bin/podman-compose", line 33, in <module>
    sys.exit(load_entry_point('podman-compose==1.3.0', 'console_scripts', 'podman-compose')())
             ~~~~~~~~~~~~~~~~~~~~~~~~~~~~~~~~~~~~~~~~~~~~~~~~~~~~~~~~~~~~~~~~~~~~~~~~~~~~~~^^
  File "/usr/lib/python3/dist-packages/podman_compose.py", line 3711, in main
    asyncio.run(async_main())
    ~~~~~~~~~~~^^^^^^^^^^^^^^
  File "/usr/lib/python3.13/asyncio/runners.py", line 195, in run
    return runner.run(main)
           ~~~~~~~~~~^^^^^^
  File "/usr/lib/python3.13/asyncio/runners.py", line 118, in run
    return self._loop.run_until_complete(task)
           ~~~~~~~~~~~~~~~~~~~~~~~~~~~~~^^^^^^
  File "/usr/lib/python3.13/asyncio/base_events.py", line 725, in run_until_complete
    return future.result()
           ~~~~~~~~~~~~~^^
  File "/usr/lib/python3/dist-packages/podman_compose.py", line 3707, in async_main
    await podman_compose.run()
  File "/usr/lib/python3/dist-packages/podman_compose.py", line 1861, in run
    retcode = await cmd(self, args)
              ^^^^^^^^^^^^^^^^^^^^^
  File "/usr/lib/python3/dist-packages/podman_compose.py", line 2663, in compose_up
    excluded = get_excluded(compose, args)
  File "/usr/lib/python3/dist-packages/podman_compose.py", line 2603, in get_excluded
    excluded -= set(x.name for x in compose.services[service]["_deps"])
                                    ~~~~~~~~~~~~~~~~^^^^^^^^^
KeyError: 'memory-bank'
Error: no container with name or ID "xnai_memory_bank_mcp" found: no such container
Error: no container with name or ID "xnai_memory_bank_mcp" found: no such container
Traceback (most recent call last):
  File "/usr/bin/podman-compose", line 33, in <module>
    sys.exit(load_entry_point('podman-compose==1.3.0', 'console_scripts', 'podman-compose')())
             ~~~~~~~~~~~~~~~~~~~~~~~~~~~~~~~~~~~~~~~~~~~~~~~~~~~~~~~~~~~~~~~~~~~~~~~~~~~~~~^^
  File "/usr/lib/python3/dist-packages/podman_compose.py", line 3711, in main
    asyncio.run(async_main())
    ~~~~~~~~~~~^^^^^^^^^^^^^^
  File "/usr/lib/python3.13/asyncio/runners.py", line 195, in run
    return runner.run(main)
           ~~~~~~~~~~^^^^^^
  File "/usr/lib/python3.13/asyncio/runners.py", line 118, in run
    return self._loop.run_until_complete(task)
           ~~~~~~~~~~~~~~~~~~~~~~~~~~~~~^^^^^^
  File "/usr/lib/python3.13/asyncio/base_events.py", line 725, in run_until_complete
    return future.result()
           ~~~~~~~~~~~~~^^
  File "/usr/lib/python3/dist-packages/podman_compose.py", line 3707, in async_main
    await podman_compose.run()
  File "/usr/lib/python3/dist-packages/podman_compose.py", line 1861, in run
    retcode = await cmd(self, args)
              ^^^^^^^^^^^^^^^^^^^^^
  File "/usr/lib/python3/dist-packages/podman_compose.py", line 2663, in compose_up
    excluded = get_excluded(compose, args)
  File "/usr/lib/python3/dist-packages/podman_compose.py", line 2603, in get_excluded
    excluded -= set(x.name for x in compose.services[service]["_deps"])
                                    ~~~~~~~~~~~~~~~~^^^^^^^^^
KeyError: 'memory-bank'
Error: no container with name or ID "xnai_memory_bank_mcp" found: no such container
Error: no container with name or ID "xnai_memory_bank_mcp" found: no such container
Traceback (most recent call last):
  File "/usr/bin/podman-compose", line 33, in <module>
    sys.exit(load_entry_point('podman-compose==1.3.0', 'console_scripts', 'podman-compose')())
             ~~~~~~~~~~~~~~~~~~~~~~~~~~~~~~~~~~~~~~~~~~~~~~~~~~~~~~~~~~~~~~~~~~~~~~~~~~~~~~^^
  File "/usr/lib/python3/dist-packages/podman_compose.py", line 3711, in main
    asyncio.run(async_main())
    ~~~~~~~~~~~^^^^^^^^^^^^^^
  File "/usr/lib/python3.13/asyncio/runners.py", line 195, in run
    return runner.run(main)
           ~~~~~~~~~~^^^^^^
  File "/usr/lib/python3.13/asyncio/runners.py", line 118, in run
    return self._loop.run_until_complete(task)
           ~~~~~~~~~~~~~~~~~~~~~~~~~~~~~^^^^^^
  File "/usr/lib/python3.13/asyncio/base_events.py", line 725, in run_until_complete
    return future.result()
           ~~~~~~~~~~~~~^^
  File "/usr/lib/python3/dist-packages/podman_compose.py", line 3707, in async_main
    await podman_compose.run()
  File "/usr/lib/python3/dist-packages/podman_compose.py", line 1861, in run
    retcode = await cmd(self, args)
              ^^^^^^^^^^^^^^^^^^^^^
  File "/usr/lib/python3/dist-packages/podman_compose.py", line 2663, in compose_up
    excluded = get_excluded(compose, args)
  File "/usr/lib/python3/dist-packages/podman_compose.py", line 2603, in get_excluded
    excluded -= set(x.name for x in compose.services[service]["_deps"])
                                    ~~~~~~~~~~~~~~~~^^^^^^^^^
KeyError: 'memory-bank'
Error: no container with name or ID "xnai_memory_bank_mcp" found: no such container
Error: no container with name or ID "xnai_memory_bank_mcp" found: no such container
Traceback (most recent call last):
  File "/usr/bin/podman-compose", line 33, in <module>
    sys.exit(load_entry_point('podman-compose==1.3.0', 'console_scripts', 'podman-compose')())
             ~~~~~~~~~~~~~~~~~~~~~~~~~~~~~~~~~~~~~~~~~~~~~~~~~~~~~~~~~~~~~~~~~~~~~~~~~~~~~~^^
  File "/usr/lib/python3/dist-packages/podman_compose.py", line 3711, in main
    asyncio.run(async_main())
    ~~~~~~~~~~~^^^^^^^^^^^^^^
  File "/usr/lib/python3.13/asyncio/runners.py", line 195, in run
    return runner.run(main)
           ~~~~~~~~~~^^^^^^
  File "/usr/lib/python3.13/asyncio/runners.py", line 118, in run
    return self._loop.run_until_complete(task)
           ~~~~~~~~~~~~~~~~~~~~~~~~~~~~~^^^^^^
  File "/usr/lib/python3.13/asyncio/base_events.py", line 725, in run_until_complete
    return future.result()
           ~~~~~~~~~~~~~^^
  File "/usr/lib/python3/dist-packages/podman_compose.py", line 3707, in async_main
    await podman_compose.run()
  File "/usr/lib/python3/dist-packages/podman_compose.py", line 1861, in run
    retcode = await cmd(self, args)
              ^^^^^^^^^^^^^^^^^^^^^
  File "/usr/lib/python3/dist-packages/podman_compose.py", line 2663, in compose_up
    excluded = get_excluded(compose, args)
  File "/usr/lib/python3/dist-packages/podman_compose.py", line 2603, in get_excluded
    excluded -= set(x.name for x in compose.services[service]["_deps"])
                                    ~~~~~~~~~~~~~~~~^^^^^^^^^
KeyError: 'memory-bank'
Error: no container with name or ID "xnai_memory_bank_mcp" found: no such container
Error: no container with name or ID "xnai_memory_bank_mcp" found: no such container
Traceback (most recent call last):
  File "/usr/bin/podman-compose", line 33, in <module>
    sys.exit(load_entry_point('podman-compose==1.3.0', 'console_scripts', 'podman-compose')())
             ~~~~~~~~~~~~~~~~~~~~~~~~~~~~~~~~~~~~~~~~~~~~~~~~~~~~~~~~~~~~~~~~~~~~~~~~~~~~~~^^
  File "/usr/lib/python3/dist-packages/podman_compose.py", line 3711, in main
    asyncio.run(async_main())
    ~~~~~~~~~~~^^^^^^^^^^^^^^
  File "/usr/lib/python3.13/asyncio/runners.py", line 195, in run
    return runner.run(main)
           ~~~~~~~~~~^^^^^^
  File "/usr/lib/python3.13/asyncio/runners.py", line 118, in run
    return self._loop.run_until_complete(task)
           ~~~~~~~~~~~~~~~~~~~~~~~~~~~~~^^^^^^
  File "/usr/lib/python3.13/asyncio/base_events.py", line 725, in run_until_complete
    return future.result()
           ~~~~~~~~~~~~~^^
  File "/usr/lib/python3/dist-packages/podman_compose.py", line 3707, in async_main
    await podman_compose.run()
  File "/usr/lib/python3/dist-packages/podman_compose.py", line 1861, in run
    retcode = await cmd(self, args)
              ^^^^^^^^^^^^^^^^^^^^^
  File "/usr/lib/python3/dist-packages/podman_compose.py", line 2663, in compose_up
    excluded = get_excluded(compose, args)
  File "/usr/lib/python3/dist-packages/podman_compose.py", line 2603, in get_excluded
    excluded -= set(x.name for x in compose.services[service]["_deps"])
                                    ~~~~~~~~~~~~~~~~^^^^^^^^^
KeyError: 'memory-bank'
Error: no container with name or ID "xnai_memory_bank_mcp" found: no such container
Error: no container with name or ID "xnai_memory_bank_mcp" found: no such container
Traceback (most recent call last):
  File "/usr/bin/podman-compose", line 33, in <module>
    sys.exit(load_entry_point('podman-compose==1.3.0', 'console_scripts', 'podman-compose')())
             ~~~~~~~~~~~~~~~~~~~~~~~~~~~~~~~~~~~~~~~~~~~~~~~~~~~~~~~~~~~~~~~~~~~~~~~~~~~~~~^^
  File "/usr/lib/python3/dist-packages/podman_compose.py", line 3711, in main
    asyncio.run(async_main())
    ~~~~~~~~~~~^^^^^^^^^^^^^^
  File "/usr/lib/python3.13/asyncio/runners.py", line 195, in run
    return runner.run(main)
           ~~~~~~~~~~^^^^^^
  File "/usr/lib/python3.13/asyncio/runners.py", line 118, in run
    return self._loop.run_until_complete(task)
           ~~~~~~~~~~~~~~~~~~~~~~~~~~~~~^^^^^^
  File "/usr/lib/python3.13/asyncio/base_events.py", line 725, in run_until_complete
    return future.result()
           ~~~~~~~~~~~~~^^
  File "/usr/lib/python3/dist-packages/podman_compose.py", line 3707, in async_main
    await podman_compose.run()
  File "/usr/lib/python3/dist-packages/podman_compose.py", line 1861, in run
    retcode = await cmd(self, args)
              ^^^^^^^^^^^^^^^^^^^^^
  File "/usr/lib/python3/dist-packages/podman_compose.py", line 2663, in compose_up
    excluded = get_excluded(compose, args)
  File "/usr/lib/python3/dist-packages/podman_compose.py", line 2603, in get_excluded
    excluded -= set(x.name for x in compose.services[service]["_deps"])
                                    ~~~~~~~~~~~~~~~~^^^^^^^^^
KeyError: 'memory-bank'
Error: no container with name or ID "xnai_memory_bank_mcp" found: no such container
Error: no container with name or ID "xnai_memory_bank_mcp" found: no such container
Traceback (most recent call last):
  File "/usr/bin/podman-compose", line 33, in <module>
    sys.exit(load_entry_point('podman-compose==1.3.0', 'console_scripts', 'podman-compose')())
             ~~~~~~~~~~~~~~~~~~~~~~~~~~~~~~~~~~~~~~~~~~~~~~~~~~~~~~~~~~~~~~~~~~~~~~~~~~~~~~^^
  File "/usr/lib/python3/dist-packages/podman_compose.py", line 3711, in main
    asyncio.run(async_main())
    ~~~~~~~~~~~^^^^^^^^^^^^^^
  File "/usr/lib/python3.13/asyncio/runners.py", line 195, in run
    return runner.run(main)
           ~~~~~~~~~~^^^^^^
  File "/usr/lib/python3.13/asyncio/runners.py", line 118, in run
    return self._loop.run_until_complete(task)
           ~~~~~~~~~~~~~~~~~~~~~~~~~~~~~^^^^^^
  File "/usr/lib/python3.13/asyncio/base_events.py", line 725, in run_until_complete
    return future.result()
           ~~~~~~~~~~~~~^^
  File "/usr/lib/python3/dist-packages/podman_compose.py", line 3707, in async_main
    await podman_compose.run()
  File "/usr/lib/python3/dist-packages/podman_compose.py", line 1861, in run
    retcode = await cmd(self, args)
              ^^^^^^^^^^^^^^^^^^^^^
  File "/usr/lib/python3/dist-packages/podman_compose.py", line 2663, in compose_up
    excluded = get_excluded(compose, args)
  File "/usr/lib/python3/dist-packages/podman_compose.py", line 2603, in get_excluded
    excluded -= set(x.name for x in compose.services[service]["_deps"])
                                    ~~~~~~~~~~~~~~~~^^^^^^^^^
KeyError: 'memory-bank'
Error: no container with name or ID "xnai_memory_bank_mcp" found: no such container
Error: no container with name or ID "xnai_memory_bank_mcp" found: no such container
Traceback (most recent call last):
  File "/usr/bin/podman-compose", line 33, in <module>
    sys.exit(load_entry_point('podman-compose==1.3.0', 'console_scripts', 'podman-compose')())
             ~~~~~~~~~~~~~~~~~~~~~~~~~~~~~~~~~~~~~~~~~~~~~~~~~~~~~~~~~~~~~~~~~~~~~~~~~~~~~~^^
  File "/usr/lib/python3/dist-packages/podman_compose.py", line 3711, in main
    asyncio.run(async_main())
    ~~~~~~~~~~~^^^^^^^^^^^^^^
  File "/usr/lib/python3.13/asyncio/runners.py", line 195, in run
    return runner.run(main)
           ~~~~~~~~~~^^^^^^
  File "/usr/lib/python3.13/asyncio/runners.py", line 118, in run
    return self._loop.run_until_complete(task)
           ~~~~~~~~~~~~~~~~~~~~~~~~~~~~~^^^^^^
  File "/usr/lib/python3.13/asyncio/base_events.py", line 725, in run_until_complete
    return future.result()
           ~~~~~~~~~~~~~^^
  File "/usr/lib/python3/dist-packages/podman_compose.py", line 3707, in async_main
    await podman_compose.run()
  File "/usr/lib/python3/dist-packages/podman_compose.py", line 1861, in run
    retcode = await cmd(self, args)
              ^^^^^^^^^^^^^^^^^^^^^
  File "/usr/lib/python3/dist-packages/podman_compose.py", line 2663, in compose_up
    excluded = get_excluded(compose, args)
  File "/usr/lib/python3/dist-packages/podman_compose.py", line 2603, in get_excluded
    excluded -= set(x.name for x in compose.services[service]["_deps"])
                                    ~~~~~~~~~~~~~~~~^^^^^^^^^
KeyError: 'memory-bank'
Error: no container with name or ID "xnai_memory_bank_mcp" found: no such container
Error: no container with name or ID "xnai_memory_bank_mcp" found: no such container
Traceback (most recent call last):
  File "/usr/bin/podman-compose", line 33, in <module>
    sys.exit(load_entry_point('podman-compose==1.3.0', 'console_scripts', 'podman-compose')())
             ~~~~~~~~~~~~~~~~~~~~~~~~~~~~~~~~~~~~~~~~~~~~~~~~~~~~~~~~~~~~~~~~~~~~~~~~~~~~~~^^
  File "/usr/lib/python3/dist-packages/podman_compose.py", line 3711, in main
    asyncio.run(async_main())
    ~~~~~~~~~~~^^^^^^^^^^^^^^
  File "/usr/lib/python3.13/asyncio/runners.py", line 195, in run
    return runner.run(main)
           ~~~~~~~~~~^^^^^^
  File "/usr/lib/python3.13/asyncio/runners.py", line 118, in run
    return self._loop.run_until_complete(task)
           ~~~~~~~~~~~~~~~~~~~~~~~~~~~~~^^^^^^
  File "/usr/lib/python3.13/asyncio/base_events.py", line 725, in run_until_complete
    return future.result()
           ~~~~~~~~~~~~~^^
  File "/usr/lib/python3/dist-packages/podman_compose.py", line 3707, in async_main
    await podman_compose.run()
  File "/usr/lib/python3/dist-packages/podman_compose.py", line 1861, in run
    retcode = await cmd(self, args)
              ^^^^^^^^^^^^^^^^^^^^^
  File "/usr/lib/python3/dist-packages/podman_compose.py", line 2663, in compose_up
    excluded = get_excluded(compose, args)
  File "/usr/lib/python3/dist-packages/podman_compose.py", line 2603, in get_excluded
    excluded -= set(x.name for x in compose.services[service]["_deps"])
                                    ~~~~~~~~~~~~~~~~^^^^^^^^^
KeyError: 'memory-bank'
Error: no container with name or ID "xnai_memory_bank_mcp" found: no such container
Error: no container with name or ID "xnai_memory_bank_mcp" found: no such container
Traceback (most recent call last):
  File "/usr/bin/podman-compose", line 33, in <module>
    sys.exit(load_entry_point('podman-compose==1.3.0', 'console_scripts', 'podman-compose')())
             ~~~~~~~~~~~~~~~~~~~~~~~~~~~~~~~~~~~~~~~~~~~~~~~~~~~~~~~~~~~~~~~~~~~~~~~~~~~~~~^^
  File "/usr/lib/python3/dist-packages/podman_compose.py", line 3711, in main
    asyncio.run(async_main())
    ~~~~~~~~~~~^^^^^^^^^^^^^^
  File "/usr/lib/python3.13/asyncio/runners.py", line 195, in run
    return runner.run(main)
           ~~~~~~~~~~^^^^^^
  File "/usr/lib/python3.13/asyncio/runners.py", line 118, in run
    return self._loop.run_until_complete(task)
           ~~~~~~~~~~~~~~~~~~~~~~~~~~~~~^^^^^^
  File "/usr/lib/python3.13/asyncio/base_events.py", line 725, in run_until_complete
    return future.result()
           ~~~~~~~~~~~~~^^
  File "/usr/lib/python3/dist-packages/podman_compose.py", line 3707, in async_main
    await podman_compose.run()
  File "/usr/lib/python3/dist-packages/podman_compose.py", line 1861, in run
    retcode = await cmd(self, args)
              ^^^^^^^^^^^^^^^^^^^^^
  File "/usr/lib/python3/dist-packages/podman_compose.py", line 2663, in compose_up
    excluded = get_excluded(compose, args)
  File "/usr/lib/python3/dist-packages/podman_compose.py", line 2603, in get_excluded
    excluded -= set(x.name for x in compose.services[service]["_deps"])
                                    ~~~~~~~~~~~~~~~~^^^^^^^^^
KeyError: 'memory-bank'
Error: no container with name or ID "xnai_memory_bank_mcp" found: no such container
Error: no container with name or ID "xnai_memory_bank_mcp" found: no such container
Traceback (most recent call last):
  File "/usr/bin/podman-compose", line 33, in <module>
    sys.exit(load_entry_point('podman-compose==1.3.0', 'console_scripts', 'podman-compose')())
             ~~~~~~~~~~~~~~~~~~~~~~~~~~~~~~~~~~~~~~~~~~~~~~~~~~~~~~~~~~~~~~~~~~~~~~~~~~~~~~^^
  File "/usr/lib/python3/dist-packages/podman_compose.py", line 3711, in main
    asyncio.run(async_main())
    ~~~~~~~~~~~^^^^^^^^^^^^^^
  File "/usr/lib/python3.13/asyncio/runners.py", line 195, in run
    return runner.run(main)
           ~~~~~~~~~~^^^^^^
  File "/usr/lib/python3.13/asyncio/runners.py", line 118, in run
    return self._loop.run_until_complete(task)
           ~~~~~~~~~~~~~~~~~~~~~~~~~~~~~^^^^^^
  File "/usr/lib/python3.13/asyncio/base_events.py", line 725, in run_until_complete
    return future.result()
           ~~~~~~~~~~~~~^^
  File "/usr/lib/python3/dist-packages/podman_compose.py", line 3707, in async_main
    await podman_compose.run()
  File "/usr/lib/python3/dist-packages/podman_compose.py", line 1861, in run
    retcode = await cmd(self, args)
              ^^^^^^^^^^^^^^^^^^^^^
  File "/usr/lib/python3/dist-packages/podman_compose.py", line 2663, in compose_up
    excluded = get_excluded(compose, args)
  File "/usr/lib/python3/dist-packages/podman_compose.py", line 2603, in get_excluded
    excluded -= set(x.name for x in compose.services[service]["_deps"])
                                    ~~~~~~~~~~~~~~~~^^^^^^^^^
KeyError: 'memory-bank'
Error: no container with name or ID "xnai_memory_bank_mcp" found: no such container
Error: no container with name or ID "xnai_memory_bank_mcp" found: no such container
Traceback (most recent call last):
  File "/usr/bin/podman-compose", line 33, in <module>
    sys.exit(load_entry_point('podman-compose==1.3.0', 'console_scripts', 'podman-compose')())
             ~~~~~~~~~~~~~~~~~~~~~~~~~~~~~~~~~~~~~~~~~~~~~~~~~~~~~~~~~~~~~~~~~~~~~~~~~~~~~~^^
  File "/usr/lib/python3/dist-packages/podman_compose.py", line 3711, in main
    asyncio.run(async_main())
    ~~~~~~~~~~~^^^^^^^^^^^^^^
  File "/usr/lib/python3.13/asyncio/runners.py", line 195, in run
    return runner.run(main)
           ~~~~~~~~~~^^^^^^
  File "/usr/lib/python3.13/asyncio/runners.py", line 118, in run
    return self._loop.run_until_complete(task)
           ~~~~~~~~~~~~~~~~~~~~~~~~~~~~~^^^^^^
  File "/usr/lib/python3.13/asyncio/base_events.py", line 725, in run_until_complete
    return future.result()
           ~~~~~~~~~~~~~^^
  File "/usr/lib/python3/dist-packages/podman_compose.py", line 3707, in async_main
    await podman_compose.run()
  File "/usr/lib/python3/dist-packages/podman_compose.py", line 1861, in run
    retcode = await cmd(self, args)
              ^^^^^^^^^^^^^^^^^^^^^
  File "/usr/lib/python3/dist-packages/podman_compose.py", line 2663, in compose_up
    excluded = get_excluded(compose, args)
  File "/usr/lib/python3/dist-packages/podman_compose.py", line 2603, in get_excluded
    excluded -= set(x.name for x in compose.services[service]["_deps"])
                                    ~~~~~~~~~~~~~~~~^^^^^^^^^
KeyError: 'memory-bank'
Error: no container with name or ID "xnai_memory_bank_mcp" found: no such container
Error: no container with name or ID "xnai_memory_bank_mcp" found: no such container
Traceback (most recent call last):
  File "/usr/bin/podman-compose", line 33, in <module>
    sys.exit(load_entry_point('podman-compose==1.3.0', 'console_scripts', 'podman-compose')())
             ~~~~~~~~~~~~~~~~~~~~~~~~~~~~~~~~~~~~~~~~~~~~~~~~~~~~~~~~~~~~~~~~~~~~~~~~~~~~~~^^
  File "/usr/lib/python3/dist-packages/podman_compose.py", line 3711, in main
    asyncio.run(async_main())
    ~~~~~~~~~~~^^^^^^^^^^^^^^
  File "/usr/lib/python3.13/asyncio/runners.py", line 195, in run
    return runner.run(main)
           ~~~~~~~~~~^^^^^^
  File "/usr/lib/python3.13/asyncio/runners.py", line 118, in run
    return self._loop.run_until_complete(task)
           ~~~~~~~~~~~~~~~~~~~~~~~~~~~~~^^^^^^
  File "/usr/lib/python3.13/asyncio/base_events.py", line 725, in run_until_complete
    return future.result()
           ~~~~~~~~~~~~~^^
  File "/usr/lib/python3/dist-packages/podman_compose.py", line 3707, in async_main
    await podman_compose.run()
  File "/usr/lib/python3/dist-packages/podman_compose.py", line 1861, in run
    retcode = await cmd(self, args)
              ^^^^^^^^^^^^^^^^^^^^^
  File "/usr/lib/python3/dist-packages/podman_compose.py", line 2663, in compose_up
    excluded = get_excluded(compose, args)
  File "/usr/lib/python3/dist-packages/podman_compose.py", line 2603, in get_excluded
    excluded -= set(x.name for x in compose.services[service]["_deps"])
                                    ~~~~~~~~~~~~~~~~^^^^^^^^^
KeyError: 'memory-bank'
Error: no container with name or ID "xnai_memory_bank_mcp" found: no such container
Error: no container with name or ID "xnai_memory_bank_mcp" found: no such container
Traceback (most recent call last):
  File "/usr/bin/podman-compose", line 33, in <module>
    sys.exit(load_entry_point('podman-compose==1.3.0', 'console_scripts', 'podman-compose')())
             ~~~~~~~~~~~~~~~~~~~~~~~~~~~~~~~~~~~~~~~~~~~~~~~~~~~~~~~~~~~~~~~~~~~~~~~~~~~~~~^^
  File "/usr/lib/python3/dist-packages/podman_compose.py", line 3711, in main
    asyncio.run(async_main())
    ~~~~~~~~~~~^^^^^^^^^^^^^^
  File "/usr/lib/python3.13/asyncio/runners.py", line 195, in run
    return runner.run(main)
           ~~~~~~~~~~^^^^^^
  File "/usr/lib/python3.13/asyncio/runners.py", line 118, in run
    return self._loop.run_until_complete(task)
           ~~~~~~~~~~~~~~~~~~~~~~~~~~~~~^^^^^^
  File "/usr/lib/python3.13/asyncio/base_events.py", line 725, in run_until_complete
    return future.result()
           ~~~~~~~~~~~~~^^
  File "/usr/lib/python3/dist-packages/podman_compose.py", line 3707, in async_main
    await podman_compose.run()
  File "/usr/lib/python3/dist-packages/podman_compose.py", line 1861, in run
    retcode = await cmd(self, args)
              ^^^^^^^^^^^^^^^^^^^^^
  File "/usr/lib/python3/dist-packages/podman_compose.py", line 2663, in compose_up
    excluded = get_excluded(compose, args)
  File "/usr/lib/python3/dist-packages/podman_compose.py", line 2603, in get_excluded
    excluded -= set(x.name for x in compose.services[service]["_deps"])
                                    ~~~~~~~~~~~~~~~~^^^^^^^^^
KeyError: 'memory-bank'
Error: no container with name or ID "xnai_memory_bank_mcp" found: no such container
xnai_memory_bank_mcp
xnai_memory_bank_mcp
